-------------------------------------------------------------------------------->8
-------------------------------------------------------------------------------->8
[2023-05-17T00:27:39.999874748Z][docker-desktop-user-distro][I] syncContextStores <HOME>/.docker/contexts <-> /mnt/c/Users/<USER>/.docker/contexts
[2023-05-17T00:27:40.014361501Z][docker-desktop-user-distro][I] syncContextStores <HOME>/.docker/contexts <-> /mnt/c/Users/<USER>/.docker/contexts os.Symlink <HOME>/.docker/contexts -> /mnt/c/Users/<USER>/.docker/contexts
-------------------------------------------------------------------------------->8
-------------------------------------------------------------------------------->8
[2023-05-17T00:27:40.320321964Z][docker-desktop-user-distro][I] linkPathToWindows windowsPath = /mnt/c/Users/<USER>/.aws, linkPath = <HOME>/.aws
-------------------------------------------------------------------------------->8
-------------------------------------------------------------------------------->8
[2023-05-17T00:27:40.643171090Z][docker-desktop-user-distro][I] linkPathToWindows windowsPath = /mnt/c/Users/<USER>/.azure, linkPath = <HOME>/.azure
[2023-05-17T00:27:40.650756361Z][docker-desktop-user-distro][F] <HOME>/.azure already exists and is not a symlink
[main.main()
[	linuxkit/pkg/docker-desktop-user-distro/main.go:581 +0x5b
-------------------------------------------------------------------------------->8
-------------------------------------------------------------------------------->8
[2023-05-17T00:27:40.965204380Z][docker-desktop-user-distro][I] linkPathToWindows windowsPath = /mnt/c/Users/<USER>/.docker/features.json, linkPath = ~/.docker/features.json
-------------------------------------------------------------------------------->8
-------------------------------------------------------------------------------->8
[2023-05-19T00:01:58.303477160Z][docker-desktop-user-distro][I] syncContextStores <HOME>/.docker/contexts <-> /mnt/c/Users/<USER>/.docker/contexts
[2023-05-19T00:01:58.310710078Z][docker-desktop-user-distro][I] syncContextStores <HOME>/.docker/contexts <-> /mnt/c/Users/<USER>/.docker/contexts: syncNoop
-------------------------------------------------------------------------------->8
-------------------------------------------------------------------------------->8
[2023-05-19T00:01:58.615211986Z][docker-desktop-user-distro][I] linkPathToWindows windowsPath = /mnt/c/Users/<USER>/.aws, linkPath = <HOME>/.aws
[2023-05-19T00:01:58.620579702Z][docker-desktop-user-distro][I] no need to symlink <HOME>/.aws to /mnt/c/Users/<USER>/.aws: they are the same path already
-------------------------------------------------------------------------------->8
-------------------------------------------------------------------------------->8
[2023-05-19T00:01:58.947729674Z][docker-desktop-user-distro][I] linkPathToWindows windowsPath = /mnt/c/Users/<USER>/.azure, linkPath = <HOME>/.azure
[2023-05-19T00:01:58.952269560Z][docker-desktop-user-distro][F] <HOME>/.azure already exists and is not a symlink
[main.main()
[	linuxkit/pkg/docker-desktop-user-distro/main.go:581 +0x5b
-------------------------------------------------------------------------------->8
-------------------------------------------------------------------------------->8
[2023-05-19T00:01:59.293046056Z][docker-desktop-user-distro][I] linkPathToWindows windowsPath = /mnt/c/Users/<USER>/.docker/features.json, linkPath = ~/.docker/features.json
-------------------------------------------------------------------------------->8
-------------------------------------------------------------------------------->8
[2023-05-19T03:01:06.502741493Z][docker-desktop-user-distro][I] syncContextStores <HOME>/.docker/contexts <-> /mnt/c/Users/<USER>/.docker/contexts
[2023-05-19T03:01:06.512374338Z][docker-desktop-user-distro][I] syncContextStores <HOME>/.docker/contexts <-> /mnt/c/Users/<USER>/.docker/contexts: syncNoop
-------------------------------------------------------------------------------->8
-------------------------------------------------------------------------------->8
[2023-05-19T03:01:06.797954455Z][docker-desktop-user-distro][I] linkPathToWindows windowsPath = /mnt/c/Users/<USER>/.aws, linkPath = <HOME>/.aws
[2023-05-19T03:01:06.803776421Z][docker-desktop-user-distro][I] no need to symlink <HOME>/.aws to /mnt/c/Users/<USER>/.aws: they are the same path already
-------------------------------------------------------------------------------->8
-------------------------------------------------------------------------------->8
[2023-05-19T03:01:07.156807384Z][docker-desktop-user-distro][I] linkPathToWindows windowsPath = /mnt/c/Users/<USER>/.azure, linkPath = <HOME>/.azure
[2023-05-19T03:01:07.163100828Z][docker-desktop-user-distro][F] <HOME>/.azure already exists and is not a symlink
[main.main()
[	linuxkit/pkg/docker-desktop-user-distro/main.go:581 +0x5b
-------------------------------------------------------------------------------->8
-------------------------------------------------------------------------------->8
[2023-05-19T03:01:07.529940753Z][docker-desktop-user-distro][I] linkPathToWindows windowsPath = /mnt/c/Users/<USER>/.docker/features.json, linkPath = ~/.docker/features.json
-------------------------------------------------------------------------------->8
-------------------------------------------------------------------------------->8
[2023-05-19T03:11:57.641953946Z][docker-desktop-user-distro][I] syncContextStores <HOME>/.docker/contexts <-> /mnt/c/Users/<USER>/.docker/contexts
[2023-05-19T03:11:57.657159824Z][docker-desktop-user-distro][I] syncContextStores <HOME>/.docker/contexts <-> /mnt/c/Users/<USER>/.docker/contexts: syncNoop
-------------------------------------------------------------------------------->8
-------------------------------------------------------------------------------->8
[2023-05-19T03:11:57.997867430Z][docker-desktop-user-distro][I] linkPathToWindows windowsPath = /mnt/c/Users/<USER>/.aws, linkPath = <HOME>/.aws
[2023-05-19T03:11:58.010744097Z][docker-desktop-user-distro][I] no need to symlink <HOME>/.aws to /mnt/c/Users/<USER>/.aws: they are the same path already
-------------------------------------------------------------------------------->8
-------------------------------------------------------------------------------->8
[2023-05-19T03:11:58.331682710Z][docker-desktop-user-distro][I] linkPathToWindows windowsPath = /mnt/c/Users/<USER>/.azure, linkPath = <HOME>/.azure
[2023-05-19T03:11:58.414316955Z][docker-desktop-user-distro][F] <HOME>/.azure already exists and is not a symlink
[main.main()
[	linuxkit/pkg/docker-desktop-user-distro/main.go:581 +0x5b
-------------------------------------------------------------------------------->8
-------------------------------------------------------------------------------->8
[2023-05-19T03:11:58.755253419Z][docker-desktop-user-distro][I] linkPathToWindows windowsPath = /mnt/c/Users/<USER>/.docker/features.json, linkPath = ~/.docker/features.json
-------------------------------------------------------------------------------->8
-------------------------------------------------------------------------------->8
[2023-05-19T03:14:36.046596245Z][docker-desktop-user-distro][I] syncContextStores <HOME>/.docker/contexts <-> /mnt/c/Users/<USER>/.docker/contexts
[2023-05-19T03:14:36.057070093Z][docker-desktop-user-distro][I] syncContextStores <HOME>/.docker/contexts <-> /mnt/c/Users/<USER>/.docker/contexts: syncNoop
-------------------------------------------------------------------------------->8
-------------------------------------------------------------------------------->8
[2023-05-19T03:14:36.431269475Z][docker-desktop-user-distro][I] linkPathToWindows windowsPath = /mnt/c/Users/<USER>/.aws, linkPath = <HOME>/.aws
[2023-05-19T03:14:36.437952898Z][docker-desktop-user-distro][I] no need to symlink <HOME>/.aws to /mnt/c/Users/<USER>/.aws: they are the same path already
-------------------------------------------------------------------------------->8
-------------------------------------------------------------------------------->8
[2023-05-19T03:14:36.804875309Z][docker-desktop-user-distro][I] linkPathToWindows windowsPath = /mnt/c/Users/<USER>/.azure, linkPath = <HOME>/.azure
[2023-05-19T03:14:36.809056907Z][docker-desktop-user-distro][F] <HOME>/.azure already exists and is not a symlink
[main.main()
[	linuxkit/pkg/docker-desktop-user-distro/main.go:581 +0x5b
-------------------------------------------------------------------------------->8
-------------------------------------------------------------------------------->8
[2023-05-19T03:14:37.171205581Z][docker-desktop-user-distro][I] linkPathToWindows windowsPath = /mnt/c/Users/<USER>/.docker/features.json, linkPath = ~/.docker/features.json
-------------------------------------------------------------------------------->8
-------------------------------------------------------------------------------->8
[2023-05-19T11:58:54.862460487Z][docker-desktop-user-distro][I] syncContextStores <HOME>/.docker/contexts <-> /mnt/c/Users/<USER>/.docker/contexts
[2023-05-19T11:58:54.872225032Z][docker-desktop-user-distro][I] syncContextStores <HOME>/.docker/contexts <-> /mnt/c/Users/<USER>/.docker/contexts: syncNoop
-------------------------------------------------------------------------------->8
-------------------------------------------------------------------------------->8
[2023-05-19T11:58:55.181073951Z][docker-desktop-user-distro][I] linkPathToWindows windowsPath = /mnt/c/Users/<USER>/.aws, linkPath = <HOME>/.aws
[2023-05-19T11:58:55.187488796Z][docker-desktop-user-distro][I] no need to symlink <HOME>/.aws to /mnt/c/Users/<USER>/.aws: they are the same path already
-------------------------------------------------------------------------------->8
-------------------------------------------------------------------------------->8
[2023-05-19T11:58:55.506949120Z][docker-desktop-user-distro][I] linkPathToWindows windowsPath = /mnt/c/Users/<USER>/.azure, linkPath = <HOME>/.azure
[2023-05-19T11:58:55.512558842Z][docker-desktop-user-distro][F] <HOME>/.azure already exists and is not a symlink
[main.main()
[	linuxkit/pkg/docker-desktop-user-distro/main.go:581 +0x5b
-------------------------------------------------------------------------------->8
-------------------------------------------------------------------------------->8
[2023-05-19T11:58:55.862374701Z][docker-desktop-user-distro][I] linkPathToWindows windowsPath = /mnt/c/Users/<USER>/.docker/features.json, linkPath = ~/.docker/features.json
-------------------------------------------------------------------------------->8
-------------------------------------------------------------------------------->8
[2023-05-23T11:39:22.356032127Z][docker-desktop-user-distro][I] syncContextStores <HOME>/.docker/contexts <-> /mnt/c/Users/<USER>/.docker/contexts
[2023-05-23T11:39:22.364876925Z][docker-desktop-user-distro][I] syncContextStores <HOME>/.docker/contexts <-> /mnt/c/Users/<USER>/.docker/contexts: syncNoop
-------------------------------------------------------------------------------->8
-------------------------------------------------------------------------------->8
[2023-05-23T11:39:22.694411163Z][docker-desktop-user-distro][I] linkPathToWindows windowsPath = /mnt/c/Users/<USER>/.aws, linkPath = <HOME>/.aws
[2023-05-23T11:39:22.700713074Z][docker-desktop-user-distro][I] no need to symlink <HOME>/.aws to /mnt/c/Users/<USER>/.aws: they are the same path already
-------------------------------------------------------------------------------->8
-------------------------------------------------------------------------------->8
[2023-05-23T11:39:23.061565917Z][docker-desktop-user-distro][I] linkPathToWindows windowsPath = /mnt/c/Users/<USER>/.azure, linkPath = <HOME>/.azure
[2023-05-23T11:39:23.065313072Z][docker-desktop-user-distro][F] <HOME>/.azure already exists and is not a symlink
[main.main()
[	linuxkit/pkg/docker-desktop-user-distro/main.go:581 +0x5b
-------------------------------------------------------------------------------->8
-------------------------------------------------------------------------------->8
[2023-05-23T11:39:23.418947176Z][docker-desktop-user-distro][I] linkPathToWindows windowsPath = /mnt/c/Users/<USER>/.docker/features.json, linkPath = ~/.docker/features.json
-------------------------------------------------------------------------------->8
-------------------------------------------------------------------------------->8
[2023-06-25T08:31:36.510328917Z][docker-desktop-user-distro][I] syncContextStores <HOME>/.docker/contexts <-> /mnt/c/Users/<USER>/.docker/contexts
[2023-06-25T08:31:36.526011287Z][docker-desktop-user-distro][I] syncContextStores <HOME>/.docker/contexts <-> /mnt/c/Users/<USER>/.docker/contexts: syncNoop
-------------------------------------------------------------------------------->8
-------------------------------------------------------------------------------->8
[2023-06-25T08:31:36.883886844Z][docker-desktop-user-distro][I] linkPathToWindows windowsPath = /mnt/c/Users/<USER>/.aws, linkPath = <HOME>/.aws
[2023-06-25T08:31:36.890376671Z][docker-desktop-user-distro][I] no need to symlink <HOME>/.aws to /mnt/c/Users/<USER>/.aws: they are the same path already
-------------------------------------------------------------------------------->8
-------------------------------------------------------------------------------->8
[2023-06-25T08:31:37.290900656Z][docker-desktop-user-distro][I] linkPathToWindows windowsPath = /mnt/c/Users/<USER>/.azure, linkPath = <HOME>/.azure
[2023-06-25T08:31:37.296383470Z][docker-desktop-user-distro][F] <HOME>/.azure already exists and is not a symlink
[main.main()
[	linuxkit/pkg/docker-desktop-user-distro/main.go:581 +0x5b
-------------------------------------------------------------------------------->8
-------------------------------------------------------------------------------->8
[2023-06-25T08:31:37.634743364Z][docker-desktop-user-distro][I] linkPathToWindows windowsPath = /mnt/c/Users/<USER>/.docker/features.json, linkPath = ~/.docker/features.json
-------------------------------------------------------------------------------->8
-------------------------------------------------------------------------------->8
[2023-06-25T09:07:15.455375422Z][docker-desktop-user-distro][I] syncContextStores <HOME>/.docker/contexts <-> /mnt/c/Users/<USER>/.docker/contexts
[2023-06-25T09:07:15.463568763Z][docker-desktop-user-distro][I] syncContextStores <HOME>/.docker/contexts <-> /mnt/c/Users/<USER>/.docker/contexts: syncNoop
-------------------------------------------------------------------------------->8
-------------------------------------------------------------------------------->8
[2023-06-25T09:07:15.832336994Z][docker-desktop-user-distro][I] linkPathToWindows windowsPath = /mnt/c/Users/<USER>/.aws, linkPath = <HOME>/.aws
[2023-06-25T09:07:15.839125580Z][docker-desktop-user-distro][I] no need to symlink <HOME>/.aws to /mnt/c/Users/<USER>/.aws: they are the same path already
-------------------------------------------------------------------------------->8
-------------------------------------------------------------------------------->8
[2023-06-25T09:07:16.249018004Z][docker-desktop-user-distro][I] linkPathToWindows windowsPath = /mnt/c/Users/<USER>/.azure, linkPath = <HOME>/.azure
[2023-06-25T09:07:16.254519914Z][docker-desktop-user-distro][F] <HOME>/.azure already exists and is not a symlink
[main.main()
[	linuxkit/pkg/docker-desktop-user-distro/main.go:581 +0x5b
-------------------------------------------------------------------------------->8
-------------------------------------------------------------------------------->8
[2023-06-25T09:07:16.682136223Z][docker-desktop-user-distro][I] linkPathToWindows windowsPath = /mnt/c/Users/<USER>/.docker/features.json, linkPath = ~/.docker/features.json
-------------------------------------------------------------------------------->8
-------------------------------------------------------------------------------->8
[2023-06-29T00:17:46.445189941Z][docker-desktop-user-distro][I] syncContextStores <HOME>/.docker/contexts <-> /mnt/c/Users/<USER>/.docker/contexts
[2023-06-29T00:17:46.453628054Z][docker-desktop-user-distro][I] syncContextStores <HOME>/.docker/contexts <-> /mnt/c/Users/<USER>/.docker/contexts: syncNoop
-------------------------------------------------------------------------------->8
-------------------------------------------------------------------------------->8
[2023-06-29T00:17:46.749227954Z][docker-desktop-user-distro][I] linkPathToWindows windowsPath = /mnt/c/Users/<USER>/.aws, linkPath = <HOME>/.aws
[2023-06-29T00:17:46.755533542Z][docker-desktop-user-distro][I] no need to symlink <HOME>/.aws to /mnt/c/Users/<USER>/.aws: they are the same path already
-------------------------------------------------------------------------------->8
-------------------------------------------------------------------------------->8
[2023-06-29T00:17:47.086997827Z][docker-desktop-user-distro][I] linkPathToWindows windowsPath = /mnt/c/Users/<USER>/.azure, linkPath = <HOME>/.azure
[2023-06-29T00:17:47.091901138Z][docker-desktop-user-distro][F] <HOME>/.azure already exists and is not a symlink
[main.main()
[	linuxkit/pkg/docker-desktop-user-distro/main.go:581 +0x5b
-------------------------------------------------------------------------------->8
-------------------------------------------------------------------------------->8
[2023-06-29T00:17:47.441226647Z][docker-desktop-user-distro][I] linkPathToWindows windowsPath = /mnt/c/Users/<USER>/.docker/features.json, linkPath = ~/.docker/features.json
